<?xml version="1.0" encoding="UTF-8"?>
<!-- Generated by org.testng.reporters.JUnitReportReporter -->
<testsuite hostname="Aniket-PC" name="qa.FirstTest" tests="2" failures="0" timestamp="5 May 2020 14:55:03 GMT" time="13.320" errors="0">
  <testcase name="secondTest" time="13.290" classname="qa.FirstTest"/>
  <testcase name="firstTest" time="0.030" classname="qa.FirstTest"/>
</testsuite> <!-- qa.FirstTest -->
