<?xml version="1.0" encoding="UTF-8"?>
<!-- Generated by org.testng.reporters.JUnitReportReporter -->
<testsuite hostname="Aniket-PC" name="tests.FirstTest" tests="2" failures="0" timestamp="6 May 2020 04:03:53 GMT" time="69.621" errors="0">
  <testcase name="secondTest" time="66.280" classname="tests.FirstTest"/>
  <testcase name="firstTest" time="3.341" classname="tests.FirstTest"/>
</testsuite> <!-- tests.FirstTest -->
