<?xml version="1.0" encoding="UTF-8"?>
<!-- Generated by org.testng.reporters.JUnitReportReporter -->
<testsuite hostname="Aniket-PC" name="qa.FirstTest" tests="1" failures="0" timestamp="5 May 2020 09:17:40 GMT" time="0.020" errors="0">
  <testcase name="firstTest" time="0.020" classname="qa.FirstTest"/>
</testsuite> <!-- qa.FirstTest -->
